La génération a démarré 15/12/2015 15:08:19.
     1>Projet "C:\Users\qaugrain\Desktop\MIV\MIV_project\ProjectMIV_2016_TP2\msvs\LibSimu.vcxproj" sur le nœud 2 (Rebuild cible(s)).
     1>ClCompile:
         C:\Program Files (x86)\Microsoft Visual Studio 12.0\VC\bin\CL.exe /c /IC:\Users\qaugrain\Desktop\MIV\MIV_project\ProjectMIV_2016_TP2\src\lib_simu\maths /IC:\Users\qaugrain\Desktop\MIV\MIV_project\ProjectMIV_2016_TP2\src\lib_simu\internals /IC:\Users\qaugrain\Desktop\MIV\MIV_project\ProjectMIV_2016_TP2\src\lib_simu\includes /IC:\Users\qaugrain\Desktop\MIV\MIV_project\ProjectMIV_2016_TP2\src\lib_simu\display /ZI /nologo /W3 /WX- /Od /Oy- /D WIN32 /D _DEBUG /D _WINDOWS /D _USRDLL /D LIBSIMU_EXPORTS /D _UNICODE /D UNICODE /Gm /EHsc /RTC1 /MDd /GS /fp:precise /Zc:wchar_t /Zc:forScope /Fo"LibSimu\Debug\\" /Fd"LibSimu\Debug\vc120.pdb" /Gd /TP /wd4244 /wd4996 /wd4305 /analyze- /errorReport:prompt ..\src\lib_simu\display\Display.cpp ..\src\lib_simu\display\glExtents.cpp ..\src\lib_simu\internals\MeshContainer.cpp ..\src\lib_simu\internals\Message.cpp ..\src\lib_simu\internals\StringExtension.cpp ..\src\lib_simu\internals\UniformGrid.cpp ..\src\lib_simu\maths\AxisAlignedBox.cpp ..\src\lib_simu\maths\Matrix.cpp ..\src\lib_simu\maths\Matrix3.cpp ..\src\lib_simu\maths\Matrix4.cpp ..\src\lib_simu\maths\MyMath.cpp ..\src\lib_simu\maths\OMath.cpp ..\src\lib_simu\maths\Plane.cpp ..\src\lib_simu\maths\Quaternion.cpp ..\src\lib_simu\maths\Vector2.cpp ..\src\lib_simu\maths\Vector3.cpp ..\src\lib_simu\maths\Vector4.cpp
         Vector4.cpp
         Vector3.cpp
         Vector2.cpp
         Quaternion.cpp
         Plane.cpp
         OMath.cpp
         MyMath.cpp
         Matrix4.cpp
         Matrix3.cpp
         Matrix.cpp
         AxisAlignedBox.cpp
         UniformGrid.cpp
         StringExtension.cpp
         Message.cpp
         MeshContainer.cpp
         glExtents.cpp
         Note: including lib: glut32.lib
         
         Display.cpp
         Note: including lib: glut32.lib
         
         Génération de code en cours...
       Lib:
         C:\Program Files (x86)\Microsoft Visual Studio 12.0\VC\bin\Lib.exe /OUT:"C:\Users\qaugrain\Desktop\MIV\MIV_project\ProjectMIV_2016_TP2\bin\Debug\LibSimu.lib" /NOLOGO LibSimu\Debug\Display.obj
         LibSimu\Debug\glExtents.obj
         LibSimu\Debug\MeshContainer.obj
         LibSimu\Debug\Message.obj
         LibSimu\Debug\StringExtension.obj
         LibSimu\Debug\UniformGrid.obj
         LibSimu\Debug\AxisAlignedBox.obj
         LibSimu\Debug\Matrix.obj
         LibSimu\Debug\Matrix3.obj
         LibSimu\Debug\Matrix4.obj
         LibSimu\Debug\MyMath.obj
         LibSimu\Debug\OMath.obj
         LibSimu\Debug\Plane.obj
         LibSimu\Debug\Quaternion.obj
         LibSimu\Debug\Vector2.obj
         LibSimu\Debug\Vector3.obj
         LibSimu\Debug\Vector4.obj
         LibSimu.vcxproj -> C:\Users\qaugrain\Desktop\MIV\MIV_project\ProjectMIV_2016_TP2\bin\Debug\LibSimu.lib
     1>Génération du projet "C:\Users\qaugrain\Desktop\MIV\MIV_project\ProjectMIV_2016_TP2\msvs\LibSimu.vcxproj" terminée (Rebuild cible(s)).

La génération a réussi.

Temps écoulé 00:00:08.04
