c:\users\qaugrain\desktop\miv\miv_project\projectmiv_2016_tp2\msvs\libsimu\debug\vc120.pdb
c:\users\qaugrain\desktop\miv\miv_project\projectmiv_2016_tp2\msvs\libsimu\debug\vc120.idb
c:\users\qaugrain\desktop\miv\miv_project\projectmiv_2016_tp2\msvs\libsimu\debug\message.obj
c:\users\qaugrain\desktop\miv\miv_project\projectmiv_2016_tp2\msvs\libsimu\debug\stringextension.obj
c:\users\qaugrain\desktop\miv\miv_project\projectmiv_2016_tp2\msvs\libsimu\debug\matrix.obj
c:\users\qaugrain\desktop\miv\miv_project\projectmiv_2016_tp2\msvs\libsimu\debug\mymath.obj
c:\users\qaugrain\desktop\miv\miv_project\projectmiv_2016_tp2\msvs\libsimu\debug\vector2.obj
c:\users\qaugrain\desktop\miv\miv_project\projectmiv_2016_tp2\msvs\libsimu\debug\display.obj
c:\users\qaugrain\desktop\miv\miv_project\projectmiv_2016_tp2\msvs\libsimu\debug\glextents.obj
c:\users\qaugrain\desktop\miv\miv_project\projectmiv_2016_tp2\msvs\libsimu\debug\meshcontainer.obj
c:\users\qaugrain\desktop\miv\miv_project\projectmiv_2016_tp2\msvs\libsimu\debug\uniformgrid.obj
c:\users\qaugrain\desktop\miv\miv_project\projectmiv_2016_tp2\msvs\libsimu\debug\axisalignedbox.obj
c:\users\qaugrain\desktop\miv\miv_project\projectmiv_2016_tp2\msvs\libsimu\debug\matrix3.obj
c:\users\qaugrain\desktop\miv\miv_project\projectmiv_2016_tp2\msvs\libsimu\debug\matrix4.obj
c:\users\qaugrain\desktop\miv\miv_project\projectmiv_2016_tp2\msvs\libsimu\debug\omath.obj
c:\users\qaugrain\desktop\miv\miv_project\projectmiv_2016_tp2\msvs\libsimu\debug\plane.obj
c:\users\qaugrain\desktop\miv\miv_project\projectmiv_2016_tp2\msvs\libsimu\debug\quaternion.obj
c:\users\qaugrain\desktop\miv\miv_project\projectmiv_2016_tp2\msvs\libsimu\debug\vector3.obj
c:\users\qaugrain\desktop\miv\miv_project\projectmiv_2016_tp2\msvs\libsimu\debug\vector4.obj
c:\users\qaugrain\desktop\miv\miv_project\projectmiv_2016_tp2\bin\debug\libsimu.lib
c:\users\qaugrain\desktop\miv\miv_project\projectmiv_2016_tp2\msvs\libsimu\debug\libsimu.tlog\cl.command.1.tlog
c:\users\qaugrain\desktop\miv\miv_project\projectmiv_2016_tp2\msvs\libsimu\debug\libsimu.tlog\cl.read.1.tlog
c:\users\qaugrain\desktop\miv\miv_project\projectmiv_2016_tp2\msvs\libsimu\debug\libsimu.tlog\cl.write.1.tlog
c:\users\qaugrain\desktop\miv\miv_project\projectmiv_2016_tp2\msvs\libsimu\debug\libsimu.tlog\lib-link.read.1.tlog
c:\users\qaugrain\desktop\miv\miv_project\projectmiv_2016_tp2\msvs\libsimu\debug\libsimu.tlog\lib-link.write.1.tlog
c:\users\qaugrain\desktop\miv\miv_project\projectmiv_2016_tp2\msvs\libsimu\debug\libsimu.tlog\lib.command.1.tlog
