This is pdfTeX, Version 3.14159265-2.6-1.40.16 (MiKTeX 2.9) (preloaded format=pdflatex 2015.10.18)  22 JAN 2016 00:05
entering extended mode
**CR_MIV.tex
(CR_MIV.tex
LaTeX2e <2015/01/01> patch level 2
Babel <3.9m> and hyphenation patterns for 69 languages loaded.
(E:\Programmes\Editeurs\LateX\tex\latex\base\article.cls
Document Class: article 2014/09/29 v1.4h Standard LaTeX document class
(E:\Programmes\Editeurs\LateX\tex\latex\base\size12.clo
File: size12.clo 2014/09/29 v1.4h Standard LaTeX file (size option)
)
\c@part=\count79
\c@section=\count80
\c@subsection=\count81
\c@subsubsection=\count82
\c@paragraph=\count83
\c@subparagraph=\count84
\c@figure=\count85
\c@table=\count86
\abovecaptionskip=\skip41
\belowcaptionskip=\skip42
\bibindent=\dimen102
) (E:\Programmes\Editeurs\LateX\tex\latex\ucs\ucs.sty
Package: ucs 2013/05/11 v2.2 UCS: Unicode input support

(E:\Programmes\Editeurs\LateX\tex\latex\ucs\uni-global.def
File: uni-global.def 2013/05/13 UCS: Unicode global data
)
\uc@secondtry=\count87
\uc@combtoks=\toks14
\uc@combtoksb=\toks15
\uc@temptokena=\toks16
) (E:\Programmes\Editeurs\LateX\tex\latex\base\inputenc.sty
Package: inputenc 2015/03/17 v1.2c Input encoding file
\inpenc@prehook=\toks17
\inpenc@posthook=\toks18

(E:\Programmes\Editeurs\LateX\tex\latex\ucs\utf8x.def
File: utf8x.def 2004/10/17 UCS: Input encoding UTF-8
)) (E:\Programmes\Editeurs\LateX\tex\latex\base\fontenc.sty
Package: fontenc 2005/09/27 v1.99g Standard LaTeX package

(E:\Programmes\Editeurs\LateX\tex\latex\base\t1enc.def
File: t1enc.def 2005/09/27 v1.99g Standard LaTeX file
LaTeX Font Info:    Redeclaring font encoding T1 on input line 48.
)) (E:\Programmes\Editeurs\LateX\tex\generic\babel\babel.sty
Package: babel 2015/08/03 3.9m The Babel package

*************************************
* Local config file bblopts.cfg used
*
(E:\Programmes\Editeurs\LateX\tex\latex\00miktex\bblopts.cfg
File: bblopts.cfg 2006/07/31 v1.0 MiKTeX 'babel' configuration
)
(E:\Programmes\Editeurs\LateX\tex\latex\babel-french\frenchb.ldf
Language: frenchb 2015/10/04 v3.1i French support from the babel system

(E:\Programmes\Editeurs\LateX\tex\generic\babel\babel.def
File: babel.def 2015/08/03 3.9m Babel common definitions
\babel@savecnt=\count88
\U@D=\dimen103
)
\l@acadian = a dialect from \language\l@french 
\l@canadien = a dialect from \language\l@french 
\FBcolonskip=\skip43
\FBthinskip=\skip44
\FB@interchartokenstateORI=\count89
Package babel Info: Making : an active character on input line 356.
Package babel Info: Making ; an active character on input line 357.
Package babel Info: Making ! an active character on input line 358.
Package babel Info: Making ? an active character on input line 359.
\FBguillskip=\skip45
\FBguill@level=\count90
\FB@Mht=\dimen104
\std@mcc=\count91
\dec@mcc=\count92
\listindentFB=\skip46
\labelwidthFB=\skip47
\leftmarginFB=\skip48
\parindentFFN=\dimen105
))
(E:\Programmes\Editeurs\LateX\tex\latex\carlisle\scalefnt.sty)
(E:\Programmes\Editeurs\LateX\tex\latex\graphics\keyval.sty
Package: keyval 2014/10/28 v1.15 key=value parser (DPC)
\KV@toks@=\toks19
)
(E:\Programmes\Editeurs\LateX\tex\latex\graphics\graphicx.sty
Package: graphicx 2014/10/28 v1.0g Enhanced LaTeX Graphics (DPC,SPQR)

(E:\Programmes\Editeurs\LateX\tex\latex\graphics\graphics.sty
Package: graphics 2014/10/28 v1.0p Standard LaTeX Graphics (DPC,SPQR)
 (E:\Programmes\Editeurs\LateX\tex\latex\graphics\trig.sty
Package: trig 1999/03/16 v1.09 sin cos tan (DPC)
) (E:\Programmes\Editeurs\LateX\tex\latex\00miktex\graphics.cfg
File: graphics.cfg 2007/01/18 v1.5 graphics configuration of teTeX/TeXLive
)
Package graphics Info: Driver file: pdftex.def on input line 94.

(E:\Programmes\Editeurs\LateX\tex\latex\pdftex-def\pdftex.def
File: pdftex.def 2011/05/27 v0.06d Graphics/color for pdfTeX

(E:\Programmes\Editeurs\LateX\tex\generic\oberdiek\infwarerr.sty
Package: infwarerr 2010/04/08 v1.3 Providing info/warning/error messages (HO)
)
(E:\Programmes\Editeurs\LateX\tex\generic\oberdiek\ltxcmds.sty
Package: ltxcmds 2011/11/09 v1.22 LaTeX kernel commands for general use (HO)
)
\Gread@gobject=\count93
))
\Gin@req@height=\dimen106
\Gin@req@width=\dimen107
)
(E:\Programmes\Editeurs\LateX\tex\latex\subfigure\subfigure.sty
Package: subfigure 2002/07/30 v2.1.4 subfigure package
\subfigtopskip=\skip49
\subfigcapskip=\skip50
\subfigcaptopadj=\dimen108
\subfigbottomskip=\skip51
\subfigcapmargin=\dimen109
\subfiglabelskip=\skip52
\c@subfigure=\count94
\c@lofdepth=\count95
\c@subtable=\count96
\c@lotdepth=\count97

****************************************
* Local config file subfigure.cfg used *
****************************************
(E:\Programmes\Editeurs\LateX\tex\latex\subfigure\subfigure.cfg)
\subfig@top=\skip53
\subfig@bottom=\skip54
)
(E:\Programmes\Editeurs\LateX\tex\latex\graphics\color.sty
Package: color 2014/10/28 v1.1a Standard LaTeX Color (DPC)
 (E:\Programmes\Editeurs\LateX\tex\latex\00miktex\color.cfg
File: color.cfg 2007/01/18 v1.5 color configuration of teTeX/TeXLive
)
Package color Info: Driver file: pdftex.def on input line 142.
)
(E:\Programmes\Editeurs\LateX\tex\latex\listings\listings.sty
\lst@mode=\count98
\lst@gtempboxa=\box26
\lst@token=\toks20
\lst@length=\count99
\lst@currlwidth=\dimen110
\lst@column=\count100
\lst@pos=\count101
\lst@lostspace=\dimen111
\lst@width=\dimen112
\lst@newlines=\count102
\lst@lineno=\count103
\lst@maxwidth=\dimen113

(E:\Programmes\Editeurs\LateX\tex\latex\listings\lstmisc.sty
File: lstmisc.sty 2015/06/04 1.6 (Carsten Heinz)
\c@lstnumber=\count104
\lst@skipnumbers=\count105
\lst@framebox=\box27
)
(E:\Programmes\Editeurs\LateX\tex\latex\listings\listings.cfg
File: listings.cfg 2015/06/04 1.6 listings configuration
))
Package: listings 2015/06/04 1.6 (Carsten Heinz)

(E:\Programmes\Editeurs\LateX\tex\latex\oberdiek\listingsutf8.sty
Package: listingsutf8 2011/11/10 v1.2 Allow UTF-8 in listings input (HO)

(E:\Programmes\Editeurs\LateX\tex\generic\oberdiek\pdftexcmds.sty
Package: pdftexcmds 2011/11/29 v0.20 Utility functions of pdfTeX for LuaTeX (HO)

(E:\Programmes\Editeurs\LateX\tex\generic\oberdiek\ifluatex.sty
Package: ifluatex 2010/03/01 v1.3 Provides the ifluatex switch (HO)
Package ifluatex Info: LuaTeX not detected.
)
(E:\Programmes\Editeurs\LateX\tex\generic\oberdiek\ifpdf.sty
Package: ifpdf 2011/01/30 v2.3 Provides the ifpdf switch (HO)
Package ifpdf Info: pdfTeX in PDF mode is detected.
)
Package pdftexcmds Info: LuaTeX not detected.
Package pdftexcmds Info: \pdf@primitive is available.
Package pdftexcmds Info: \pdf@ifprimitive is available.
Package pdftexcmds Info: \pdfdraftmode found.
)
(E:\Programmes\Editeurs\LateX\tex\generic\oberdiek\stringenc.sty
Package: stringenc 2011/12/02 v1.10 Convert strings between diff. encodings (HO)

(E:\Programmes\Editeurs\LateX\tex\generic\oberdiek\pdfescape.sty
Package: pdfescape 2011/11/25 v1.13 Implements pdfTeX's escape features (HO)
)))
(E:\Programmes\Editeurs\LateX\tex\latex\listings\lstlang1.sty
File: lstlang1.sty 2015/06/04 1.6 listings language file
)
(E:\Programmes\Editeurs\LateX\tex\latex\listings\lstlang1.sty
File: lstlang1.sty 2015/06/04 1.6 listings language file
) (CR_MIV.aux

LaTeX Warning: Label `fig:rideauCode' multiply defined.


LaTeX Warning: Label `fig:rideauCode' multiply defined.


LaTeX Warning: Label `fig:' multiply defined.


LaTeX Warning: Label `fig:' multiply defined.


LaTeX Warning: Label `fig:' multiply defined.


LaTeX Warning: Label `fig:' multiply defined.


LaTeX Warning: Label `fig:' multiply defined.


LaTeX Warning: Label `fig:' multiply defined.


LaTeX Warning: Label `fig:' multiply defined.


LaTeX Warning: Label `fig:' multiply defined.


LaTeX Warning: Label `fig:' multiply defined.


LaTeX Warning: Label `fig:' multiply defined.


LaTeX Warning: Label `fig:' multiply defined.


LaTeX Warning: Label `fig:' multiply defined.


LaTeX Warning: Label `fig:' multiply defined.

)
LaTeX Font Info:    Checking defaults for OML/cmm/m/it on input line 62.
LaTeX Font Info:    ... okay on input line 62.
LaTeX Font Info:    Checking defaults for T1/cmr/m/n on input line 62.
LaTeX Font Info:    ... okay on input line 62.
LaTeX Font Info:    Checking defaults for OT1/cmr/m/n on input line 62.
LaTeX Font Info:    ... okay on input line 62.
LaTeX Font Info:    Checking defaults for OMS/cmsy/m/n on input line 62.
LaTeX Font Info:    ... okay on input line 62.
LaTeX Font Info:    Checking defaults for OMX/cmex/m/n on input line 62.
LaTeX Font Info:    ... okay on input line 62.
LaTeX Font Info:    Checking defaults for U/cmr/m/n on input line 62.
LaTeX Font Info:    ... okay on input line 62.
 (E:\Programmes\Editeurs\LateX\tex\latex\ucs\ucsencs.def
File: ucsencs.def 2011/01/21 Fixes to fontencodings LGR, T3
)
LaTeX Info: Redefining \degres on input line 62.
LaTeX Info: Redefining \dots on input line 62.
LaTeX Info: Redefining \up on input line 62.
 (E:\Programmes\Editeurs\LateX\tex\context\base\supp-pdf.mkii
[Loading MPS to PDF converter (version 2006.09.02).]
\scratchcounter=\count106
\scratchdimen=\dimen114
\scratchbox=\box28
\nofMPsegments=\count107
\nofMParguments=\count108
\everyMPshowfont=\toks21
\MPscratchCnt=\count109
\MPscratchDim=\dimen115
\MPnumerator=\count110
\makeMPintoPDFobject=\count111
\everyMPtoPDFconversion=\toks22
)
\c@lstlisting=\count112
 (E:\Programmes\Editeurs\LateX\tex\latex\ucs\uni-0.def
File: uni-0.def 2013/05/13 UCS: Unicode data U+0000..U+00FF
)
LaTeX Font Info:    External font `cmex10' loaded for size
(Font)              <14.4> on input line 63.
LaTeX Font Info:    External font `cmex10' loaded for size
(Font)              <7> on input line 63.
 <images/q2.png, id=1, 431.36156pt x 282.30469pt>
File: images/q2.png Graphic file (type png)

<use images/q2.png>
Package pdftex.def Info: images/q2.png used on input line 78.
(pdftex.def)             Requested size: 431.3605pt x 282.30399pt.

Overfull \hbox (41.3605pt too wide) in paragraph at lines 78--79
 [][] 
 []

<images/q4.png, id=2, 416.30531pt x 177.66376pt>
File: images/q4.png Graphic file (type png)
 <use images/q4.png>
Package pdftex.def Info: images/q4.png used on input line 88.
(pdftex.def)             Requested size: 416.30429pt x 177.66331pt.

Overfull \hbox (26.30429pt too wide) in paragraph at lines 88--89
 [][] 
 []

<images/q5.png, id=3, 462.97969pt x 219.06844pt>
File: images/q5.png Graphic file (type png)
 <use images/q5.png>
Package pdftex.def Info: images/q5.png used on input line 97.
(pdftex.def)             Requested size: 462.97855pt x 219.06789pt.

Overfull \hbox (72.97855pt too wide) in paragraph at lines 97--98
 [][] 
 []

[1

{C:/Users/Flo/AppData/Local/MiKTeX/2.9/pdftex/config/pdftex.map}] [2 <./images/q2.png> <./images/q4.png>]
<images/rideau_code.png, id=18, 383.93437pt x 63.98906pt>
File: images/rideau_code.png Graphic file (type png)
 <use images/rideau_code.png>
Package pdftex.def Info: images/rideau_code.png used on input line 111.
(pdftex.def)             Requested size: 383.93343pt x 63.98889pt.

<images/rideau_chute.png, id=19, 380.17032pt x 286.82156pt>
File: images/rideau_chute.png Graphic file (type png)
 <use images/rideau_chute.png>
Package pdftex.def Info: images/rideau_chute.png used on input line 117.
(pdftex.def)             Requested size: 380.16939pt x 286.82085pt.

<images/rideau_fin.png, id=20, 439.6425pt x 353.82187pt>
File: images/rideau_fin.png Graphic file (type png)
 <use images/rideau_fin.png>
Package pdftex.def Info: images/rideau_fin.png used on input line 123.
(pdftex.def)             Requested size: 439.64142pt x 353.821pt.

Overfull \hbox (49.64142pt too wide) in paragraph at lines 123--124
 [][] 
 []

[3 <./images/q5.png>] (E:\Programmes\Editeurs\LateX\tex\latex\ucs\uni-32.def
File: uni-32.def 2013/05/13 UCS: Unicode data U+2000..U+20FF
)
<images/sol_code.png, id=26, 398.99063pt x 119.69719pt>
File: images/sol_code.png Graphic file (type png)
 <use images/sol_code.png>
Package pdftex.def Info: images/sol_code.png used on input line 140.
(pdftex.def)             Requested size: 398.98965pt x 119.69688pt.

Overfull \hbox (8.98965pt too wide) in paragraph at lines 140--141
 [][] 
 []

[4 <./images/rideau_code.png>] [5 <./images/rideau_chute.png>] [6 <./images/rideau_fin.png>]
<images/sol_image.png, id=39, 460.72125pt x 326.72063pt>
File: images/sol_image.png Graphic file (type png)
 <use images/sol_image.png>
Package pdftex.def Info: images/sol_image.png used on input line 147.
(pdftex.def)             Requested size: 460.72012pt x 326.71982pt.

Overfull \hbox (70.72012pt too wide) in paragraph at lines 147--148
 [][] 
 []

<images/manipulateur.png, id=40, 205.5178pt x 201.75375pt>
File: images/manipulateur.png Graphic file (type png)
 <use images/manipulateur.png>
Package pdftex.def Info: images/manipulateur.png used on input line 155.
(pdftex.def)             Requested size: 205.5173pt x 201.75325pt.

<images/ajout_haptique.png, id=41, 298.86656pt x 24.84282pt>
File: images/ajout_haptique.png Graphic file (type png)
 <use images/ajout_haptique.png>
Package pdftex.def Info: images/ajout_haptique.png used on input line 181.
(pdftex.def)             Requested size: 298.86581pt x 24.84274pt.

<images/retour_force.png, id=42, 496.10344pt x 137.01187pt>
File: images/retour_force.png Graphic file (type png)
 <use images/retour_force.png>
Package pdftex.def Info: images/retour_force.png used on input line 190.
(pdftex.def)             Requested size: 496.10222pt x 137.01154pt.

Overfull \hbox (106.10222pt too wide) in paragraph at lines 190--191
 [][] 
 []


LaTeX Warning: Reference `fig:clic' on page 7 undefined on input line 195.


LaTeX Warning: Reference `fig:foie' on page 7 undefined on input line 212.

<images/foie.png, id=43, 501.37312pt x 368.1253pt>
File: images/foie.png Graphic file (type png)
 <use images/foie.png>
Package pdftex.def Info: images/foie.png used on input line 215.
(pdftex.def)             Requested size: 501.37189pt x 368.1244pt.

Overfull \hbox (111.37189pt too wide) in paragraph at lines 215--216
 [][] 
 []

[7 <./images/sol_code.png>] [8 <./images/sol_image.png> <./images/manipulateur.png>]
<images/foie_fixe.png, id=55, 464.4853pt x 394.47375pt>
File: images/foie_fixe.png Graphic file (type png)
 <use images/foie_fixe.png>
Package pdftex.def Info: images/foie_fixe.png used on input line 224.
(pdftex.def)             Requested size: 464.48418pt x 394.47278pt.

Overfull \hbox (74.48418pt too wide) in paragraph at lines 224--225
 [][] 
 []

<images/fixation_code.png, id=56, 402.75468pt x 170.13562pt>
File: images/fixation_code.png Graphic file (type png)
 <use images/fixation_code.png>
Package pdftex.def Info: images/fixation_code.png used on input line 231.
(pdftex.def)             Requested size: 402.7537pt x 170.1352pt.

Overfull \hbox (12.7537pt too wide) in paragraph at lines 231--232
 [][] 
 []

<images/couleur_points_fixes.png, id=57, 434.37282pt x 364.36125pt>
File: images/couleur_points_fixes.png Graphic file (type png)
 <use images/couleur_points_fixes.png>
Package pdftex.def Info: images/couleur_points_fixes.png used on input line 246.
(pdftex.def)             Requested size: 434.37175pt x 364.36035pt.

Overfull \hbox (44.37175pt too wide) in paragraph at lines 246--247
 [][] 
 []

[9 <./images/ajout_haptique.png> <./images/retour_force.png>] [10 <./images/foie.png>] [11 <./images/foie_fixe.png>]

LaTeX Warning: Reference `fig:save' on page 12 undefined on input line 253.

<images/save.png, id=71, 368.1253pt x 200.24812pt>
File: images/save.png Graphic file (type png)
 <use images/save.png>
Package pdftex.def Info: images/save.png used on input line 257.
(pdftex.def)             Requested size: 368.1244pt x 200.24763pt.


LaTeX Warning: Reference `fig:save' on page 12 undefined on input line 262.

<images/restore.png, id=72, 348.55219pt x 182.93344pt>
File: images/restore.png Graphic file (type png)
 <use images/restore.png>
Package pdftex.def Info: images/restore.png used on input line 266.
(pdftex.def)             Requested size: 348.55132pt x 182.93298pt.

<images/modes.png, id=73, 101.62968pt x 35.38219pt>
File: images/modes.png Graphic file (type png)
 <use images/modes.png>
Package pdftex.def Info: images/modes.png used on input line 275.
(pdftex.def)             Requested size: 101.62943pt x 35.3821pt.


LaTeX Warning: Reference `fig:alternance' on page 12 undefined on input line 287.

<images/scale.png, id=74, 222.8325pt x 72.27pt>
File: images/scale.png Graphic file (type png)
 <use images/scale.png>
Package pdftex.def Info: images/scale.png used on input line 291.
(pdftex.def)             Requested size: 222.83195pt x 72.2698pt.
 [12 <./images/fixation_code.png>] [13 <./images/couleur_points_fixes.png>] [14 <./images/save.png> <./images/restore.pn
g> <./images/modes.png>]
<images/gestes_base.png, id=90, 481.04718pt x 260.47313pt>
File: images/gestes_base.png Graphic file (type png)
 <use images/gestes_base.png>
Package pdftex.def Info: images/gestes_base.png used on input line 330.
(pdftex.def)             Requested size: 481.046pt x 260.47249pt.

Overfull \hbox (91.046pt too wide) in paragraph at lines 330--331
 [][] 
 []

<images/gestes_base2.png, id=91, 694.09312pt x 147.55125pt>
File: images/gestes_base2.png Graphic file (type png)
 <use images/gestes_base2.png>
Package pdftex.def Info: images/gestes_base2.png used on input line 336.
(pdftex.def)             Requested size: 694.09143pt x 147.55087pt.

Overfull \hbox (304.09143pt too wide) in paragraph at lines 336--337
 [][] 
 []

<images/swipe_pinch_code.png, id=92, 404.26031pt x 248.42813pt>
File: images/swipe_pinch_code.png Graphic file (type png)
 <use images/swipe_pinch_code.png>
Package pdftex.def Info: images/swipe_pinch_code.png used on input line 345.
(pdftex.def)             Requested size: 404.25932pt x 248.42752pt.

Overfull \hbox (14.25932pt too wide) in paragraph at lines 345--346
 [][] 
 []

<images/swipe_pinch_appel.png, id=93, 482.55281pt x 355.3275pt>
File: images/swipe_pinch_appel.png Graphic file (type png)
 <use images/swipe_pinch_appel.png>
Package pdftex.def Info: images/swipe_pinch_appel.png used on input line 351.
(pdftex.def)             Requested size: 482.55162pt x 355.32661pt.

Overfull \hbox (92.55162pt too wide) in paragraph at lines 351--352
 [][] 
 []

File: images/gestes_base2.png Graphic file (type png)
<use images/gestes_base2.png>
Package pdftex.def Info: images/gestes_base2.png used on input line 360.
(pdftex.def)             Requested size: 694.09143pt x 147.55087pt.

Overfull \hbox (304.09143pt too wide) in paragraph at lines 360--361
 [][] 
 []

[15 <./images/scale.png>] [16 <./images/gestes_base.png> <./images/gestes_base2.png>] [17 <./images/swipe_pinch_code.png
>] [18 <./images/swipe_pinch_appel.png>] (CR_MIV.aux)

LaTeX Warning: There were undefined references.


LaTeX Warning: There were multiply-defined labels.

 ) 
Here is how much of TeX's memory you used:
 5396 strings out of 493673
 74579 string characters out of 3143586
 165433 words of memory out of 3000000
 8668 multiletter control sequences out of 15000+200000
 11511 words of font info for 27 fonts, out of 3000000 for 9000
 1025 hyphenation exceptions out of 8191
 29i,7n,47p,724b,597s stack positions out of 5000i,500n,10000p,200000b,50000s
 <C:\Users\Flo\AppData\Local\MiKTeX\2.9\fonts\pk\ljfour\jknappen\ec\dpi600\ecbx1200.pk> <C:\Users\Flo\AppData\Local\Mi
KTeX\2.9\fonts\pk\ljfour\jknappen\ec\dpi600\ecti1200.pk> <C:\Users\Flo\AppData\Local\MiKTeX\2.9\fonts\pk\ljfour\jknappen
\ec\dpi600\eccc1200.pk> <C:\Users\Flo\AppData\Local\MiKTeX\2.9\fonts\pk\ljfour\jknappen\ec\dpi600\ecrm1200.pk> <C:\Users
\Flo\AppData\Local\MiKTeX\2.9\fonts\pk\ljfour\jknappen\ec\dpi600\ecbx1728.pk> <C:\Users\Flo\AppData\Local\MiKTeX\2.9\fon
ts\pk\ljfour\jknappen\ec\dpi600\eccc1440.pk> <C:\Users\Flo\AppData\Local\MiKTeX\2.9\fonts\pk\ljfour\jknappen\ec\dpi600\e
crm1440.pk> <C:\Users\Flo\AppData\Local\MiKTeX\2.9\fonts\pk\ljfour\jknappen\ec\dpi600\ecrm2074.pk>
Output written on CR_MIV.pdf (18 pages, 409183 bytes).
PDF statistics:
 296 PDF objects out of 1000 (max. 8388607)
 0 named destinations out of 1000 (max. 500000)
 116 words of extra memory for PDF output out of 10000 (max. 10000000)

